app/build/intermediates/manifest_merge_blame_file/debug/manifest-merger-blame-debug-report.txt
1<?xml version="1.0" encoding="utf-8"?>
2<manifest xmlns:android="http://schemas.android.com/apk/res/android"
3    package="com.example.travelapp"
4    android:versionCode="1"
5    android:versionName="1.0" >
6
7    <uses-sdk
8        android:minSdkVersion="21"
8-->src\main\AndroidManifest.xml
9        android:targetSdkVersion="33" />
9-->src\main\AndroidManifest.xml
10
11    <application
11-->src\main\AndroidManifest.xml:5:5-55:19
12        android:allowBackup="true"
12-->src\main\AndroidManifest.xml:6:9-35
13        android:appComponentFactory="androidx.core.app.CoreComponentFactory"
13-->[androidx.core:core:1.7.0] AndroidManifest.xml:24:18-86
14        android:dataExtractionRules="@xml/data_extraction_rules"
14-->src\main\AndroidManifest.xml:7:9-65
15        android:debuggable="true"
16        android:fullBackupContent="@xml/backup_rules"
16-->src\main\AndroidManifest.xml:8:9-54
17        android:icon="@mipmap/ic_launcher"
17-->src\main\AndroidManifest.xml:9:9-43
18        android:label="@string/app_name"
18-->src\main\AndroidManifest.xml:10:9-41
19        android:supportsRtl="true"
19-->src\main\AndroidManifest.xml:11:9-35
20        android:testOnly="true"
21        android:theme="@style/Theme.TravelApp" >
21-->src\main\AndroidManifest.xml:12:9-47
22        <activity
22-->src\main\AndroidManifest.xml:14:9-18:54
23            android:name="com.example.travelapp.RegisterActivity"
23-->src\main\AndroidManifest.xml:15:13-45
24            android:exported="false"
24-->src\main\AndroidManifest.xml:16:13-37
25            android:label="RegisterActivity"
25-->src\main\AndroidManifest.xml:17:13-45
26            android:theme="@style/Theme.TravelApp" />
26-->src\main\AndroidManifest.xml:18:13-51
27        <activity
27-->src\main\AndroidManifest.xml:19:9-23:54
28            android:name="com.example.travelapp.SingaporeActivity"
28-->src\main\AndroidManifest.xml:20:13-46
29            android:exported="false"
29-->src\main\AndroidManifest.xml:21:13-37
30            android:label="@string/title_activity_singapore"
30-->src\main\AndroidManifest.xml:22:13-61
31            android:theme="@style/Theme.TravelApp" />
31-->src\main\AndroidManifest.xml:23:13-51
32        <activity
32-->src\main\AndroidManifest.xml:24:9-28:54
33            android:name="com.example.travelapp.CapeTown"
33-->src\main\AndroidManifest.xml:25:13-37
34            android:exported="false"
34-->src\main\AndroidManifest.xml:26:13-37
35            android:label="@string/title_activity_capetown"
35-->src\main\AndroidManifest.xml:27:13-60
36            android:theme="@style/Theme.TravelApp" />
36-->src\main\AndroidManifest.xml:28:13-51
37        <activity
37-->src\main\AndroidManifest.xml:29:9-33:54
38            android:name="com.example.travelapp.ParisActivity"
38-->src\main\AndroidManifest.xml:30:13-42
39            android:exported="false"
39-->src\main\AndroidManifest.xml:31:13-37
40            android:label="@string/title_activity_paris"
40-->src\main\AndroidManifest.xml:32:13-57
41            android:theme="@style/Theme.TravelApp" />
41-->src\main\AndroidManifest.xml:33:13-51
42        <activity
42-->src\main\AndroidManifest.xml:34:9-38:54
43            android:name="com.example.travelapp.BaliActivity"
43-->src\main\AndroidManifest.xml:35:13-41
44            android:exported="false"
44-->src\main\AndroidManifest.xml:36:13-37
45            android:label="@string/title_activity_bali"
45-->src\main\AndroidManifest.xml:37:13-56
46            android:theme="@style/Theme.TravelApp" />
46-->src\main\AndroidManifest.xml:38:13-51
47        <activity
47-->src\main\AndroidManifest.xml:39:9-43:53
48            android:name="com.example.travelapp.MainActivity"
48-->src\main\AndroidManifest.xml:40:13-41
49            android:exported="true"
49-->src\main\AndroidManifest.xml:41:13-36
50            android:label="@string/app_name"
50-->src\main\AndroidManifest.xml:42:13-45
51            android:theme="@style/Theme.TravelApp" />
51-->src\main\AndroidManifest.xml:43:13-51
52        <activity
52-->src\main\AndroidManifest.xml:44:9-54:20
53            android:name="com.example.travelapp.LoginActivity"
53-->src\main\AndroidManifest.xml:45:13-42
54            android:exported="true"
54-->src\main\AndroidManifest.xml:46:13-36
55            android:label="@string/app_name"
55-->src\main\AndroidManifest.xml:47:13-45
56            android:theme="@style/Theme.TravelApp" >
56-->src\main\AndroidManifest.xml:48:13-51
57            <intent-filter>
57-->src\main\AndroidManifest.xml:49:13-53:29
58                <action android:name="android.intent.action.MAIN" />
58-->src\main\AndroidManifest.xml:50:17-69
58-->src\main\AndroidManifest.xml:50:25-66
59
60                <category android:name="android.intent.category.LAUNCHER" />
60-->src\main\AndroidManifest.xml:52:17-77
60-->src\main\AndroidManifest.xml:52:27-74
61            </intent-filter>
62        </activity>
63
64        <service
64-->[androidx.room:room-runtime:2.5.0] AndroidManifest.xml:24:9-28:63
65            android:name="androidx.room.MultiInstanceInvalidationService"
65-->[androidx.room:room-runtime:2.5.0] AndroidManifest.xml:25:13-74
66            android:directBootAware="true"
66-->[androidx.room:room-runtime:2.5.0] AndroidManifest.xml:26:13-43
67            android:exported="false" />
67-->[androidx.room:room-runtime:2.5.0] AndroidManifest.xml:27:13-37
68
69        <activity
69-->[androidx.compose.ui:ui-tooling:1.2.0] AndroidManifest.xml:24:9-26:39
70            android:name="androidx.compose.ui.tooling.PreviewActivity"
70-->[androidx.compose.ui:ui-tooling:1.2.0] AndroidManifest.xml:25:13-71
71            android:exported="true" />
71-->[androidx.compose.ui:ui-tooling:1.2.0] AndroidManifest.xml:26:13-36
72        <activity
72-->[androidx.compose.ui:ui-test-manifest:1.2.0] AndroidManifest.xml:24:9-26:39
73            android:name="androidx.activity.ComponentActivity"
73-->[androidx.compose.ui:ui-test-manifest:1.2.0] AndroidManifest.xml:25:13-63
74            android:exported="true" />
74-->[androidx.compose.ui:ui-test-manifest:1.2.0] AndroidManifest.xml:26:13-36
75
76        <provider
76-->[androidx.profileinstaller:profileinstaller:1.2.0] AndroidManifest.xml:25:9-33:20
77            android:name="androidx.startup.InitializationProvider"
77-->[androidx.profileinstaller:profileinstaller:1.2.0] AndroidManifest.xml:26:13-67
78            android:authorities="com.example.travelapp.androidx-startup"
78-->[androidx.profileinstaller:profileinstaller:1.2.0] AndroidManifest.xml:27:13-68
79            android:exported="false" >
79-->[androidx.profileinstaller:profileinstaller:1.2.0] AndroidManifest.xml:28:13-37
80            <meta-data
80-->[androidx.profileinstaller:profileinstaller:1.2.0] AndroidManifest.xml:30:13-32:52
81                android:name="androidx.profileinstaller.ProfileInstallerInitializer"
81-->[androidx.profileinstaller:profileinstaller:1.2.0] AndroidManifest.xml:31:17-85
82                android:value="androidx.startup" />
82-->[androidx.profileinstaller:profileinstaller:1.2.0] AndroidManifest.xml:32:17-49
83        </provider>
84
85        <receiver
85-->[androidx.profileinstaller:profileinstaller:1.2.0] AndroidManifest.xml:35:9-47:20
86            android:name="androidx.profileinstaller.ProfileInstallReceiver"
86-->[androidx.profileinstaller:profileinstaller:1.2.0] AndroidManifest.xml:36:13-76
87            android:directBootAware="false"
87-->[androidx.profileinstaller:profileinstaller:1.2.0] AndroidManifest.xml:37:13-44
88            android:enabled="true"
88-->[androidx.profileinstaller:profileinstaller:1.2.0] AndroidManifest.xml:38:13-35
89            android:exported="true"
89-->[androidx.profileinstaller:profileinstaller:1.2.0] AndroidManifest.xml:39:13-36
90            android:permission="android.permission.DUMP" >
90-->[androidx.profileinstaller:profileinstaller:1.2.0] AndroidManifest.xml:40:13-57
91            <intent-filter>
91-->[androidx.profileinstaller:profileinstaller:1.2.0] AndroidManifest.xml:41:13-43:29
92                <action android:name="androidx.profileinstaller.action.INSTALL_PROFILE" />
92-->[androidx.profileinstaller:profileinstaller:1.2.0] AndroidManifest.xml:42:17-91
92-->[androidx.profileinstaller:profileinstaller:1.2.0] AndroidManifest.xml:42:25-88
93            </intent-filter>
94            <intent-filter>
94-->[androidx.profileinstaller:profileinstaller:1.2.0] AndroidManifest.xml:44:13-46:29
95                <action android:name="androidx.profileinstaller.action.SKIP_FILE" />
95-->[androidx.profileinstaller:profileinstaller:1.2.0] AndroidManifest.xml:45:17-85
95-->[androidx.profileinstaller:profileinstaller:1.2.0] AndroidManifest.xml:45:25-82
96            </intent-filter>
97        </receiver>
98    </application>
99
100</manifest>